<?xml version="1.0" encoding="UTF-8"?>
<!-- Generated by org.testng.reporters.JUnitReportReporter -->
<testsuite hostname="SunilKunwal" failures="0" tests="1" name="Sunil.ExtendReport.ExtendReportDemo" time="4.198" errors="0" timestamp="2024-05-29T16:25:33 IST" skipped="0">
  <testcase classname="Sunil.ExtendReport.ExtendReportDemo" name="initialDemo" time="4.198"/>
</testsuite> <!-- Sunil.ExtendReport.ExtendReportDemo -->
